2020-06-20 13:51:51.933 [main] INFO  com.zhaoyujie.SpringBootFileUploadApplicationTests -
				Starting SpringBootFileUploadApplicationTests on zhaoyujiedeMacBook-Pro.local with PID 1311 (started by zhaoyujie in /Users/zhaoyujie/git/ManageSystemProject/ManageSystem)
2020-06-20 13:51:51.934 [main] INFO  com.zhaoyujie.SpringBootFileUploadApplicationTests -
				No active profile set, falling back to default profiles: default
2020-06-20 13:51:52.473 [main] INFO  o.s.d.r.config.RepositoryConfigurationDelegate -
				Bootstrapping Spring Data JPA repositories in DEFAULT mode.
2020-06-20 13:51:52.595 [main] INFO  o.s.d.r.config.RepositoryConfigurationDelegate -
				Finished Spring Data repository scanning in 112ms. Found 17 JPA repository interfaces.
2020-06-20 13:51:52.983 [main] INFO  o.s.c.s.PostProcessorRegistrationDelegate$BeanPostProcessorChecker -
				Bean 'org.springframework.transaction.annotation.ProxyTransactionManagementConfiguration' of type [org.springframework.transaction.annotation.ProxyTransactionManagementConfiguration] is not eligible for getting processed by all BeanPostProcessors (for example: not eligible for auto-proxying)
2020-06-20 13:51:53.274 [main] INFO  org.hibernate.jpa.internal.util.LogHelper -
				HHH000204: Processing PersistenceUnitInfo [name: default]
2020-06-20 13:51:53.367 [main] INFO  org.hibernate.Version -
				HHH000412: Hibernate Core {5.4.10.Final}
2020-06-20 13:51:53.536 [main] INFO  org.hibernate.annotations.common.Version -
				HCANN000001: Hibernate Commons Annotations {5.1.0.Final}
2020-06-20 13:51:53.664 [main] WARN  com.zaxxer.hikari.HikariConfig -
				HikariPool-1 - idleTimeout has been set but has no effect because the pool is operating as a fixed size pool.
2020-06-20 13:51:53.664 [main] INFO  com.zaxxer.hikari.HikariDataSource -
				HikariPool-1 - Starting...
2020-06-20 13:51:54.050 [main] INFO  com.zaxxer.hikari.HikariDataSource -
				HikariPool-1 - Start completed.
2020-06-20 13:51:54.077 [main] INFO  org.hibernate.dialect.Dialect -
				HHH000400: Using dialect: org.hibernate.dialect.MySQL57Dialect
2020-06-20 13:51:55.194 [main] INFO  o.h.e.t.jta.platform.internal.JtaPlatformInitiator -
				HHH000490: Using JtaPlatform implementation: [org.hibernate.engine.transaction.jta.platform.internal.NoJtaPlatform]
2020-06-20 13:51:55.201 [main] INFO  o.s.orm.jpa.LocalContainerEntityManagerFactoryBean -
				Initialized JPA EntityManagerFactory for persistence unit 'default'
2020-06-20 13:51:56.609 [main] INFO  o.s.scheduling.concurrent.ThreadPoolTaskExecutor -
				Initializing ExecutorService 'applicationTaskExecutor'
2020-06-20 13:51:57.101 [main] INFO  com.zhaoyujie.SpringBootFileUploadApplicationTests -
				Started SpringBootFileUploadApplicationTests in 5.457 seconds (JVM running for 6.313)
2020-06-20 13:51:57.225 [SpringContextShutdownHook] INFO  o.s.scheduling.concurrent.ThreadPoolTaskExecutor -
				Shutting down ExecutorService 'applicationTaskExecutor'
2020-06-20 13:51:57.229 [SpringContextShutdownHook] INFO  o.s.orm.jpa.LocalContainerEntityManagerFactoryBean -
				Closing JPA EntityManagerFactory for persistence unit 'default'
2020-06-20 13:51:57.231 [SpringContextShutdownHook] INFO  com.zaxxer.hikari.HikariDataSource -
				HikariPool-1 - Shutdown initiated...
2020-06-20 13:51:57.234 [SpringContextShutdownHook] INFO  com.zaxxer.hikari.HikariDataSource -
				HikariPool-1 - Shutdown completed.
