2020-06-15 21:16:08.450 [main] INFO  com.zhaoyujie.ManageSystemApplication -
				Starting ManageSystemApplication on zhaoyujiedeMacBook-Pro.local with PID 2786 (/Users/zhaoyujie/git/ManageSystemProject/ManageSystem/target/classes started by zhaoyujie in /Users/zhaoyujie/git/ManageSystemProject/ManageSystem)
2020-06-15 21:16:08.452 [main] INFO  com.zhaoyujie.ManageSystemApplication -
				No active profile set, falling back to default profiles: default
2020-06-15 21:16:08.890 [main] INFO  o.s.d.r.config.RepositoryConfigurationDelegate -
				Bootstrapping Spring Data JPA repositories in DEFAULT mode.
2020-06-15 21:16:08.993 [main] INFO  o.s.d.r.config.RepositoryConfigurationDelegate -
				Finished Spring Data repository scanning in 96ms. Found 17 JPA repository interfaces.
2020-06-15 21:16:09.195 [main] INFO  o.s.c.s.PostProcessorRegistrationDelegate$BeanPostProcessorChecker -
				Bean 'org.springframework.transaction.annotation.ProxyTransactionManagementConfiguration' of type [org.springframework.transaction.annotation.ProxyTransactionManagementConfiguration] is not eligible for getting processed by all BeanPostProcessors (for example: not eligible for auto-proxying)
2020-06-15 21:16:09.352 [main] INFO  o.s.boot.web.embedded.tomcat.TomcatWebServer -
				Tomcat initialized with port(s): 8096 (http)
2020-06-15 21:16:09.359 [main] INFO  org.apache.coyote.http11.Http11NioProtocol -
				Initializing ProtocolHandler ["http-nio-8096"]
2020-06-15 21:16:09.359 [main] INFO  org.apache.catalina.core.StandardService -
				Starting service [Tomcat]
2020-06-15 21:16:09.359 [main] INFO  org.apache.catalina.core.StandardEngine -
				Starting Servlet engine: [Apache Tomcat/9.0.30]
2020-06-15 21:16:09.411 [main] INFO  o.a.c.core.ContainerBase.[Tomcat].[localhost].[/] -
				Initializing Spring embedded WebApplicationContext
2020-06-15 21:16:09.413 [main] INFO  org.springframework.web.context.ContextLoader -
				Root WebApplicationContext: initialization completed in 932 ms
2020-06-15 21:16:09.529 [main] INFO  org.hibernate.jpa.internal.util.LogHelper -
				HHH000204: Processing PersistenceUnitInfo [name: default]
2020-06-15 21:16:09.573 [main] INFO  org.hibernate.Version -
				HHH000412: Hibernate Core {5.4.10.Final}
2020-06-15 21:16:09.692 [main] INFO  org.hibernate.annotations.common.Version -
				HCANN000001: Hibernate Commons Annotations {5.1.0.Final}
2020-06-15 21:16:09.752 [main] WARN  com.zaxxer.hikari.HikariConfig -
				HikariPool-1 - idleTimeout has been set but has no effect because the pool is operating as a fixed size pool.
2020-06-15 21:16:09.752 [main] INFO  com.zaxxer.hikari.HikariDataSource -
				HikariPool-1 - Starting...
2020-06-15 21:16:10.011 [main] INFO  com.zaxxer.hikari.HikariDataSource -
				HikariPool-1 - Start completed.
2020-06-15 21:16:10.023 [main] INFO  org.hibernate.dialect.Dialect -
				HHH000400: Using dialect: org.hibernate.dialect.MySQL57Dialect
2020-06-15 21:16:10.700 [main] INFO  o.h.e.t.jta.platform.internal.JtaPlatformInitiator -
				HHH000490: Using JtaPlatform implementation: [org.hibernate.engine.transaction.jta.platform.internal.NoJtaPlatform]
2020-06-15 21:16:10.708 [main] INFO  o.s.orm.jpa.LocalContainerEntityManagerFactoryBean -
				Initialized JPA EntityManagerFactory for persistence unit 'default'
2020-06-15 21:16:11.380 [main] INFO  o.s.scheduling.concurrent.ThreadPoolTaskExecutor -
				Initializing ExecutorService 'applicationTaskExecutor'
2020-06-15 21:16:11.552 [main] INFO  org.apache.coyote.http11.Http11NioProtocol -
				Starting ProtocolHandler ["http-nio-8096"]
2020-06-15 21:16:11.572 [main] INFO  o.s.boot.web.embedded.tomcat.TomcatWebServer -
				Tomcat started on port(s): 8096 (http) with context path ''
2020-06-15 21:16:11.573 [main] INFO  com.zhaoyujie.ManageSystemApplication -
				Started ManageSystemApplication in 3.379 seconds (JVM running for 3.741)
2020-06-15 21:16:14.978 [RMI TCP Connection(3)-127.0.0.1] INFO  o.s.b.a.SpringApplicationAdminMXBeanRegistrar$SpringApplicationAdmin -
				Application shutdown requested.
2020-06-15 21:16:14.980 [RMI TCP Connection(3)-127.0.0.1] INFO  o.s.scheduling.concurrent.ThreadPoolTaskExecutor -
				Shutting down ExecutorService 'applicationTaskExecutor'
2020-06-15 21:16:14.983 [RMI TCP Connection(3)-127.0.0.1] INFO  o.s.orm.jpa.LocalContainerEntityManagerFactoryBean -
				Closing JPA EntityManagerFactory for persistence unit 'default'
2020-06-15 21:16:14.985 [RMI TCP Connection(3)-127.0.0.1] INFO  com.zaxxer.hikari.HikariDataSource -
				HikariPool-1 - Shutdown initiated...
2020-06-15 21:16:14.988 [RMI TCP Connection(3)-127.0.0.1] INFO  com.zaxxer.hikari.HikariDataSource -
				HikariPool-1 - Shutdown completed.
2020-06-15 21:17:13.540 [main] INFO  com.zhaoyujie.SpringBootFileUploadApplicationTests -
				Starting SpringBootFileUploadApplicationTests on zhaoyujiedeMacBook-Pro.local with PID 2848 (started by zhaoyujie in /Users/zhaoyujie/git/ManageSystemProject/ManageSystem)
2020-06-15 21:17:13.541 [main] INFO  com.zhaoyujie.SpringBootFileUploadApplicationTests -
				No active profile set, falling back to default profiles: default
2020-06-15 21:17:14.078 [main] INFO  o.s.d.r.config.RepositoryConfigurationDelegate -
				Bootstrapping Spring Data JPA repositories in DEFAULT mode.
2020-06-15 21:17:14.220 [main] INFO  o.s.d.r.config.RepositoryConfigurationDelegate -
				Finished Spring Data repository scanning in 131ms. Found 17 JPA repository interfaces.
2020-06-15 21:17:14.586 [main] INFO  o.s.c.s.PostProcessorRegistrationDelegate$BeanPostProcessorChecker -
				Bean 'org.springframework.transaction.annotation.ProxyTransactionManagementConfiguration' of type [org.springframework.transaction.annotation.ProxyTransactionManagementConfiguration] is not eligible for getting processed by all BeanPostProcessors (for example: not eligible for auto-proxying)
2020-06-15 21:17:14.839 [main] INFO  org.hibernate.jpa.internal.util.LogHelper -
				HHH000204: Processing PersistenceUnitInfo [name: default]
2020-06-15 21:17:14.915 [main] INFO  org.hibernate.Version -
				HHH000412: Hibernate Core {5.4.10.Final}
2020-06-15 21:17:15.039 [main] INFO  org.hibernate.annotations.common.Version -
				HCANN000001: Hibernate Commons Annotations {5.1.0.Final}
2020-06-15 21:17:15.141 [main] WARN  com.zaxxer.hikari.HikariConfig -
				HikariPool-1 - idleTimeout has been set but has no effect because the pool is operating as a fixed size pool.
2020-06-15 21:17:15.141 [main] INFO  com.zaxxer.hikari.HikariDataSource -
				HikariPool-1 - Starting...
2020-06-15 21:17:15.502 [main] INFO  com.zaxxer.hikari.HikariDataSource -
				HikariPool-1 - Start completed.
2020-06-15 21:17:15.524 [main] INFO  org.hibernate.dialect.Dialect -
				HHH000400: Using dialect: org.hibernate.dialect.MySQL57Dialect
2020-06-15 21:17:16.507 [main] INFO  o.h.e.t.jta.platform.internal.JtaPlatformInitiator -
				HHH000490: Using JtaPlatform implementation: [org.hibernate.engine.transaction.jta.platform.internal.NoJtaPlatform]
2020-06-15 21:17:16.514 [main] INFO  o.s.orm.jpa.LocalContainerEntityManagerFactoryBean -
				Initialized JPA EntityManagerFactory for persistence unit 'default'
2020-06-15 21:17:17.835 [main] INFO  o.s.scheduling.concurrent.ThreadPoolTaskExecutor -
				Initializing ExecutorService 'applicationTaskExecutor'
2020-06-15 21:17:18.230 [main] INFO  com.zhaoyujie.SpringBootFileUploadApplicationTests -
				Started SpringBootFileUploadApplicationTests in 4.958 seconds (JVM running for 5.705)
2020-06-15 21:17:18.336 [SpringContextShutdownHook] INFO  o.s.scheduling.concurrent.ThreadPoolTaskExecutor -
				Shutting down ExecutorService 'applicationTaskExecutor'
2020-06-15 21:17:18.342 [SpringContextShutdownHook] INFO  o.s.orm.jpa.LocalContainerEntityManagerFactoryBean -
				Closing JPA EntityManagerFactory for persistence unit 'default'
2020-06-15 21:17:18.343 [SpringContextShutdownHook] INFO  com.zaxxer.hikari.HikariDataSource -
				HikariPool-1 - Shutdown initiated...
2020-06-15 21:17:18.347 [SpringContextShutdownHook] INFO  com.zaxxer.hikari.HikariDataSource -
				HikariPool-1 - Shutdown completed.
